TN:
SF:src\plugin.ts
FN:17,install
FNF:1
FNH:0
FNDA:0,install
DA:16,1
DA:18,0
DA:19,0
DA:23,0
LF:4
LH:1
BRDA:17,0,0,0
BRDA:18,1,0,0
BRDA:18,1,1,0
BRF:3
BRH:0
end_of_record
TN:
SF:src\components\Avatar.vue
FN:16,(anonymous_0)
FN:17,(anonymous_1)
FN:23,(anonymous_2)
FN:27,(anonymous_3)
FN:32,(anonymous_4)
FN:45,(anonymous_5)
FNF:6
FNH:0
FNDA:0,(anonymous_0)
FNDA:0,(anonymous_1)
FNDA:0,(anonymous_2)
FNDA:0,(anonymous_3)
FNDA:0,(anonymous_4)
FNDA:0,(anonymous_5)
DA:13,0
DA:15,0
DA:16,0
DA:17,0
DA:19,0
DA:23,0
DA:27,0
DA:32,0
DA:38,0
DA:45,0
LF:10
LH:0
BRDA:23,0,0,0
BRDA:23,0,1,0
BRDA:28,1,0,0
BRDA:28,1,1,0
BRDA:32,2,0,0
BRDA:32,2,1,0
BRDA:38,3,0,0
BRDA:38,3,1,0
BRDA:40,4,0,0
BRDA:40,4,1,0
BRDA:42,5,0,0
BRDA:42,5,1,0
BRDA:43,6,0,0
BRDA:43,6,1,0
BRDA:45,7,0,0
BRDA:45,7,1,0
BRF:16
BRH:0
end_of_record
TN:
SF:src\components\Badge.vue
FNF:0
FNH:0
DA:11,0
DA:15,0
LF:2
LH:0
BRDA:15,0,0,0
BRDA:15,0,1,0
BRF:2
BRH:0
end_of_record
TN:
SF:src\components\Button.vue
FN:47,(anonymous_0)
FN:49,(anonymous_1)
FN:55,(anonymous_2)
FN:60,handleClick
FN:67,(anonymous_4)
FN:75,handleSideClick
FN:81,(anonymous_6)
FN:111,(anonymous_7)
FNF:8
FNH:4
FNDA:6,(anonymous_0)
FNDA:6,(anonymous_1)
FNDA:6,(anonymous_2)
FNDA:0,handleClick
FNDA:0,(anonymous_4)
FNDA:0,handleSideClick
FNDA:0,(anonymous_6)
FNDA:6,(anonymous_7)
DA:39,6
DA:46,6
DA:47,6
DA:49,6
DA:55,6
DA:57,6
DA:61,0
DA:65,0
DA:66,0
DA:67,0
DA:69,0
DA:71,0
DA:76,0
DA:77,0
DA:79,0
DA:80,0
DA:81,0
DA:83,0
DA:85,0
DA:91,6
DA:111,6
LF:21
LH:8
BRDA:47,0,0,6
BRDA:47,0,1,5
BRDA:50,1,0,1
BRDA:50,1,1,5
BRDA:50,2,0,6
BRDA:50,2,1,5
BRDA:57,3,0,6
BRDA:57,3,1,5
BRDA:57,4,0,1
BRDA:57,4,1,4
BRDA:57,5,0,5
BRDA:57,5,1,1
BRDA:61,6,0,0
BRDA:61,6,1,0
BRDA:61,7,0,0
BRDA:61,7,1,0
BRDA:76,8,0,0
BRDA:76,8,1,0
BRDA:76,9,0,0
BRDA:76,9,1,0
BRDA:76,9,2,0
BRDA:98,10,0,6
BRDA:98,10,1,5
BRDA:101,11,0,6
BRDA:101,11,1,5
BRDA:105,12,0,1
BRDA:106,13,0,5
BRDA:106,13,1,1
BRDA:108,14,0,0
BRDA:108,14,1,6
BRDA:112,15,0,1
BRDA:112,15,1,5
BRF:32
BRH:22
end_of_record
TN:
SF:src\components\Card.vue
FN:32,(anonymous_0)
FNF:1
FNH:0
FNDA:0,(anonymous_0)
DA:16,0
DA:23,0
DA:31,1
DA:32,0
DA:35,1
LF:5
LH:2
BRDA:27,0,0,0
BRDA:27,0,1,0
BRDA:29,1,0,0
BRDA:29,1,1,0
BRDA:29,2,0,0
BRDA:29,2,1,0
BRDA:39,3,0,0
BRDA:39,3,1,0
BRF:8
BRH:0
end_of_record
TN:
SF:src\components\Modal.vue
FN:22,close
FN:26,onBackdropClick
FN:32,onKeydown
FN:37,(anonymous_3)
FN:54,(anonymous_4)
FN:74,(anonymous_5)
FNF:6
FNH:0
FNDA:0,close
FNDA:0,onBackdropClick
FNDA:0,onKeydown
FNDA:0,(anonymous_3)
FNDA:0,(anonymous_4)
FNDA:0,(anonymous_5)
DA:15,0
DA:20,0
DA:23,0
DA:27,0
DA:33,0
DA:36,0
DA:39,0
DA:41,0
DA:42,0
DA:43,0
DA:45,0
DA:46,0
DA:54,0
DA:55,0
DA:56,0
DA:57,0
DA:62,0
DA:73,1
DA:74,0
DA:85,1
LF:20
LH:2
BRDA:27,0,0,0
BRDA:27,0,1,0
BRDA:33,1,0,0
BRDA:33,1,1,0
BRDA:39,2,0,0
BRDA:39,2,1,0
BRDA:41,3,0,0
BRDA:41,3,1,0
BRDA:55,4,0,0
BRDA:55,4,1,0
BRDA:63,5,0,0
BRDA:71,6,0,0
BRDA:71,6,1,0
BRDA:71,7,0,0
BRDA:71,7,1,0
BRDA:89,8,0,0
BRDA:89,8,1,0
BRF:17
BRH:0
end_of_record
TN:
SF:src\components\TextField.vue
FN:28,(anonymous_0)
FN:29,(anonymous_1)
FN:51,(anonymous_2)
FNF:3
FNH:0
FNDA:0,(anonymous_0)
FNDA:0,(anonymous_1)
FNDA:0,(anonymous_2)
DA:18,0
DA:25,0
DA:27,0
DA:28,0
DA:29,0
DA:33,0
DA:51,0
LF:7
LH:0
BRDA:36,0,0,0
BRDA:36,0,1,0
BRDA:37,1,0,0
BRDA:37,1,1,0
BRDA:39,2,0,0
BRDA:39,2,1,0
BRDA:42,3,0,0
BRDA:42,3,1,0
BRDA:51,4,0,0
BRDA:51,4,1,0
BRDA:58,5,0,0
BRDA:58,5,1,0
BRDA:59,6,0,0
BRDA:59,6,1,0
BRDA:59,7,0,0
BRDA:59,7,1,0
BRDA:68,8,0,0
BRDA:68,8,1,0
BRDA:68,9,0,0
BRDA:68,9,1,0
BRDA:71,10,0,0
BRDA:71,10,1,0
BRDA:73,11,0,0
BRDA:73,11,1,0
BRF:24
BRH:0
end_of_record
TN:
SF:src\composables\useComponentsConfig.ts
FN:28,useComponentsConfig
FNF:1
FNH:0
FNDA:0,useComponentsConfig
DA:18,1
DA:20,1
DA:29,0
LF:3
LH:2
BRF:0
BRH:0
end_of_record
TN:
SF:src\composables\useCustomBreakpoints.ts
FN:25,useCustomBreakpoints
FN:29,(anonymous_1)
FN:33,(anonymous_2)
FN:36,(anonymous_3)
FN:38,(anonymous_4)
FN:39,(anonymous_5)
FN:40,(anonymous_6)
FN:41,(anonymous_7)
FN:48,(anonymous_8)
FNF:9
FNH:0
FNDA:0,useCustomBreakpoints
FNDA:0,(anonymous_1)
FNDA:0,(anonymous_2)
FNDA:0,(anonymous_3)
FNDA:0,(anonymous_4)
FNDA:0,(anonymous_5)
FNDA:0,(anonymous_6)
FNDA:0,(anonymous_7)
FNDA:0,(anonymous_8)
DA:26,0
DA:28,0
DA:29,0
DA:30,0
DA:32,0
DA:33,0
DA:36,0
DA:38,0
DA:39,0
DA:40,0
DA:41,0
DA:43,0
DA:50,0
LF:13
LH:0
BRDA:26,0,0,0
BRDA:26,0,1,0
BRDA:28,1,0,0
BRDA:28,1,1,0
BRDA:50,2,0,0
BRDA:50,2,1,0
BRF:6
BRH:0
end_of_record
TN:
SF:src\composables\useDisclosure.ts
FN:18,useDisclosure
FN:23,(anonymous_1)
FN:26,(anonymous_2)
FN:29,(anonymous_3)
FNF:4
FNH:0
FNDA:0,useDisclosure
FNDA:0,(anonymous_1)
FNDA:0,(anonymous_2)
FNDA:0,(anonymous_3)
DA:19,0
DA:21,0
DA:24,0
DA:27,0
DA:30,0
LF:5
LH:0
BRDA:18,0,0,0
BRF:1
BRH:0
end_of_record
TN:
SF:src\composables\useMappedModel.ts
FN:17,useMappedModel
FN:25,(anonymous_1)
FN:26,(anonymous_2)
FNF:3
FNH:0
FNDA:0,useMappedModel
FNDA:0,(anonymous_1)
FNDA:0,(anonymous_2)
DA:24,0
DA:25,0
DA:27,0
LF:3
LH:0
BRF:0
BRH:0
end_of_record
TN:
SF:src\stores\modals.ts
FN:22,(anonymous_0)
FN:28,(anonymous_1)
FN:29,(anonymous_2)
FN:31,open
FN:54,close
FN:64,closeAll
FNF:6
FNH:0
FNDA:0,(anonymous_0)
FNDA:0,(anonymous_1)
FNDA:0,(anonymous_2)
FNDA:0,open
FNDA:0,close
FNDA:0,closeAll
DA:22,1
DA:26,0
DA:28,0
DA:29,0
DA:37,0
DA:38,0
DA:40,0
DA:49,0
DA:51,0
DA:55,0
DA:56,0
DA:58,0
DA:59,0
DA:61,0
DA:65,0
DA:68,0
LF:16
LH:1
BRDA:37,0,0,0
BRDA:37,0,1,0
BRDA:45,1,0,0
BRDA:45,1,1,0
BRDA:49,2,0,0
BRDA:49,2,1,0
BRDA:56,3,0,0
BRDA:56,3,1,0
BRDA:61,4,0,0
BRDA:61,4,1,0
BRF:10
BRH:0
end_of_record
TN:
SF:src\utils\browser.ts
FN:16,secureRandomUint32
FNF:1
FNH:0
FNDA:0,secureRandomUint32
DA:7,1
DA:17,0
DA:18,0
DA:21,0
LF:4
LH:1
BRDA:17,0,0,0
BRDA:17,0,1,0
BRDA:17,1,0,0
BRDA:17,1,1,0
BRDA:18,2,0,0
BRDA:18,2,1,0
BRF:6
BRH:0
end_of_record
TN:
SF:src\utils\dom.ts
FN:12,lockScroll
FN:23,unlockScroll
FNF:2
FNH:0
FNDA:0,lockScroll
FNDA:0,unlockScroll
DA:1,1
DA:4,1
DA:13,0
DA:15,0
DA:16,0
DA:17,0
DA:18,0
DA:24,0
DA:26,0
DA:27,0
DA:28,0
DA:29,0
LF:12
LH:2
BRDA:13,0,0,0
BRDA:13,0,1,0
BRDA:16,1,0,0
BRDA:16,1,1,0
BRDA:24,2,0,0
BRDA:24,2,1,0
BRDA:27,3,0,0
BRDA:27,3,1,0
BRF:8
BRH:0
end_of_record
TN:
SF:src\utils\promises.ts
FN:8,callMayBePromise
FN:20,sleep
FN:21,(anonymous_2)
FNF:3
FNH:0
FNDA:0,callMayBePromise
FNDA:0,sleep
FNDA:0,(anonymous_2)
DA:11,0
DA:21,0
LF:2
LH:0
BRF:0
BRH:0
end_of_record
